<?xml version="1.0" encoding="UTF-8"?>
<testng-results skipped="0" failed="2" ignored="0" total="10" passed="8">
  <reporter-output>
  </reporter-output>
  <suite name="Default suite" duration-ms="360983" started-at="2018-06-25T10:29:40Z" finished-at="2018-06-25T10:35:41Z">
    <groups>
    </groups>
    <test name="Default test" duration-ms="360983" started-at="2018-06-25T10:29:40Z" finished-at="2018-06-25T10:35:41Z">
      <class name="Scripts.testcase9">
        <test-method status="PASS" signature="openapp()[pri:0, instance:Scripts.testcase9@3234e239]" name="openapp" is-config="true" duration-ms="16234" started-at="2018-06-25T10:29:40Z" finished-at="2018-06-25T10:29:56Z">
          <reporter-output>
          </reporter-output>
        </test-method> <!-- openapp -->
        <test-method status="FAIL" signature="login()[pri:0, instance:Scripts.testcase9@3234e239]" name="login" duration-ms="16755" started-at="2018-06-25T10:29:56Z" finished-at="2018-06-25T10:30:13Z">
          <exception class="org.openqa.selenium.NoSuchElementException">
            <message>
              <![CDATA[no such element: Unable to locate element: {"method":"xpath","selector":"(//input[@class='search-bar aa-input'])[1]"}
  (Session info: chrome=67.0.3396.87)
  (Driver info: chromedriver=2.38.552518 (183d19265345f54ce39cbb94cf81ba5f15905011),platform=Mac OS X 10.11.6 x86_64) (WARNING: The server did not provide any stacktrace information)
Command duration or timeout: 0 milliseconds
For documentation on this error, please visit: http://seleniumhq.org/exceptions/no_such_element.html
Build info: version: '3.11.0', revision: 'e59cfb3', time: '2018-03-11T20:33:15.31Z'
System info: host: 'navaneethas-Air', ip: '2409:4071:2093:3657:d1f:75e8:3053:7ee3', os.name: 'Mac OS X', os.arch: 'x86_64', os.version: '10.11.6', java.version: '1.8.0_101'
Driver info: org.openqa.selenium.chrome.ChromeDriver
Capabilities {acceptInsecureCerts: false, acceptSslCerts: false, applicationCacheEnabled: false, browserConnectionEnabled: false, browserName: chrome, chrome: {chromedriverVersion: 2.38.552518 (183d19265345f5..., userDataDir: /var/folders/77/f0mtvnyd51b...}, cssSelectorsEnabled: true, databaseEnabled: false, handlesAlerts: true, hasTouchScreen: false, javascriptEnabled: true, locationContextEnabled: true, mobileEmulationEnabled: false, nativeEvents: true, networkConnectionEnabled: false, pageLoadStrategy: normal, platform: MAC, platformName: MAC, rotatable: false, setWindowRect: true, takesHeapSnapshot: true, takesScreenshot: true, unexpectedAlertBehaviour: , unhandledPromptBehavior: , version: 67.0.3396.87, webStorageEnabled: true}
Session ID: 7634162158bc6cf16915f7eb1bcebcfb
*** Element info: {Using=xpath, value=(//input[@class='search-bar aa-input'])[1]}]]>
            </message>
            <full-stacktrace>
              <![CDATA[org.openqa.selenium.NoSuchElementException: no such element: Unable to locate element: {"method":"xpath","selector":"(//input[@class='search-bar aa-input'])[1]"}
  (Session info: chrome=67.0.3396.87)
  (Driver info: chromedriver=2.38.552518 (183d19265345f54ce39cbb94cf81ba5f15905011),platform=Mac OS X 10.11.6 x86_64) (WARNING: The server did not provide any stacktrace information)
Command duration or timeout: 0 milliseconds
For documentation on this error, please visit: http://seleniumhq.org/exceptions/no_such_element.html
Build info: version: '3.11.0', revision: 'e59cfb3', time: '2018-03-11T20:33:15.31Z'
System info: host: 'navaneethas-Air', ip: '2409:4071:2093:3657:d1f:75e8:3053:7ee3', os.name: 'Mac OS X', os.arch: 'x86_64', os.version: '10.11.6', java.version: '1.8.0_101'
Driver info: org.openqa.selenium.chrome.ChromeDriver
Capabilities {acceptInsecureCerts: false, acceptSslCerts: false, applicationCacheEnabled: false, browserConnectionEnabled: false, browserName: chrome, chrome: {chromedriverVersion: 2.38.552518 (183d19265345f5..., userDataDir: /var/folders/77/f0mtvnyd51b...}, cssSelectorsEnabled: true, databaseEnabled: false, handlesAlerts: true, hasTouchScreen: false, javascriptEnabled: true, locationContextEnabled: true, mobileEmulationEnabled: false, nativeEvents: true, networkConnectionEnabled: false, pageLoadStrategy: normal, platform: MAC, platformName: MAC, rotatable: false, setWindowRect: true, takesHeapSnapshot: true, takesScreenshot: true, unexpectedAlertBehaviour: , unhandledPromptBehavior: , version: 67.0.3396.87, webStorageEnabled: true}
Session ID: 7634162158bc6cf16915f7eb1bcebcfb
*** Element info: {Using=xpath, value=(//input[@class='search-bar aa-input'])[1]}
at sun.reflect.NativeConstructorAccessorImpl.newInstance0(Native Method)
at sun.reflect.NativeConstructorAccessorImpl.newInstance(NativeConstructorAccessorImpl.java:62)
at sun.reflect.DelegatingConstructorAccessorImpl.newInstance(DelegatingConstructorAccessorImpl.java:45)
at java.lang.reflect.Constructor.newInstance(Constructor.java:423)
at org.openqa.selenium.remote.ErrorHandler.createThrowable(ErrorHandler.java:214)
at org.openqa.selenium.remote.ErrorHandler.throwIfResponseFailed(ErrorHandler.java:166)
at org.openqa.selenium.remote.http.JsonHttpResponseCodec.reconstructValue(JsonHttpResponseCodec.java:40)
at org.openqa.selenium.remote.http.AbstractHttpResponseCodec.decode(AbstractHttpResponseCodec.java:80)
at org.openqa.selenium.remote.http.AbstractHttpResponseCodec.decode(AbstractHttpResponseCodec.java:44)
at org.openqa.selenium.remote.HttpCommandExecutor.execute(HttpCommandExecutor.java:158)
at org.openqa.selenium.remote.service.DriverCommandExecutor.execute(DriverCommandExecutor.java:83)
at org.openqa.selenium.remote.RemoteWebDriver.execute(RemoteWebDriver.java:545)
at org.openqa.selenium.remote.RemoteWebDriver.findElement(RemoteWebDriver.java:319)
at org.openqa.selenium.remote.RemoteWebDriver.findElementByXPath(RemoteWebDriver.java:421)
at org.openqa.selenium.By$ByXPath.findElement(By.java:361)
at org.openqa.selenium.remote.RemoteWebDriver.findElement(RemoteWebDriver.java:311)
at org.openqa.selenium.support.pagefactory.DefaultElementLocator.findElement(DefaultElementLocator.java:69)
at org.openqa.selenium.support.pagefactory.internal.LocatingElementHandler.invoke(LocatingElementHandler.java:38)
at com.sun.proxy.$Proxy9.sendKeys(Unknown Source)
at Pom.Homepage.search(Homepage.java:101)
at Scripts.testcase9.login(testcase9.java:31)
at sun.reflect.NativeMethodAccessorImpl.invoke0(Native Method)
at sun.reflect.NativeMethodAccessorImpl.invoke(NativeMethodAccessorImpl.java:62)
at sun.reflect.DelegatingMethodAccessorImpl.invoke(DelegatingMethodAccessorImpl.java:43)
at java.lang.reflect.Method.invoke(Method.java:498)
at org.testng.internal.MethodInvocationHelper.invokeMethod(MethodInvocationHelper.java:124)
at org.testng.internal.Invoker.invokeMethod(Invoker.java:580)
at org.testng.internal.Invoker.invokeTestMethod(Invoker.java:716)
at org.testng.internal.Invoker.invokeTestMethods(Invoker.java:988)
at org.testng.internal.TestMethodWorker.invokeTestMethods(TestMethodWorker.java:125)
at org.testng.internal.TestMethodWorker.run(TestMethodWorker.java:109)
at org.testng.TestRunner.privateRun(TestRunner.java:648)
at org.testng.TestRunner.run(TestRunner.java:505)
at org.testng.SuiteRunner.runTest(SuiteRunner.java:455)
at org.testng.SuiteRunner.runSequentially(SuiteRunner.java:450)
at org.testng.SuiteRunner.privateRun(SuiteRunner.java:415)
at org.testng.SuiteRunner.run(SuiteRunner.java:364)
at org.testng.SuiteRunnerWorker.runSuite(SuiteRunnerWorker.java:52)
at org.testng.SuiteRunnerWorker.run(SuiteRunnerWorker.java:84)
at org.testng.TestNG.runSuitesSequentially(TestNG.java:1208)
at org.testng.TestNG.runSuitesLocally(TestNG.java:1137)
at org.testng.TestNG.runSuites(TestNG.java:1049)
at org.testng.TestNG.run(TestNG.java:1017)
at org.testng.remote.AbstractRemoteTestNG.run(AbstractRemoteTestNG.java:114)
at org.testng.remote.RemoteTestNG.initAndRun(RemoteTestNG.java:251)
at org.testng.remote.RemoteTestNG.main(RemoteTestNG.java:77)
]]>
            </full-stacktrace>
          </exception> <!-- org.openqa.selenium.NoSuchElementException -->
          <reporter-output>
          </reporter-output>
        </test-method> <!-- login -->
        <test-method status="PASS" signature="closeapp()[pri:0, instance:Scripts.testcase9@3234e239]" name="closeapp" is-config="true" duration-ms="126" started-at="2018-06-25T10:30:13Z" finished-at="2018-06-25T10:30:13Z">
          <reporter-output>
          </reporter-output>
        </test-method> <!-- closeapp -->
      </class> <!-- Scripts.testcase9 -->
      <class name="Scripts.testcase8">
        <test-method status="PASS" signature="openapp()[pri:0, instance:Scripts.testcase8@3d921e20]" name="openapp" is-config="true" duration-ms="19168" started-at="2018-06-25T10:30:13Z" finished-at="2018-06-25T10:30:32Z">
          <reporter-output>
          </reporter-output>
        </test-method> <!-- openapp -->
        <test-method status="PASS" signature="login()[pri:0, instance:Scripts.testcase8@3d921e20]" name="login" duration-ms="64974" started-at="2018-06-25T10:30:32Z" finished-at="2018-06-25T10:31:37Z">
          <reporter-output>
          </reporter-output>
        </test-method> <!-- login -->
        <test-method status="PASS" signature="closeapp()[pri:0, instance:Scripts.testcase8@3d921e20]" name="closeapp" is-config="true" duration-ms="124" started-at="2018-06-25T10:31:37Z" finished-at="2018-06-25T10:31:37Z">
          <reporter-output>
          </reporter-output>
        </test-method> <!-- closeapp -->
      </class> <!-- Scripts.testcase8 -->
      <class name="Scripts.testcase1">
        <test-method status="PASS" signature="openapp()[pri:0, instance:Scripts.testcase1@36b4cef0]" name="openapp" is-config="true" duration-ms="10866" started-at="2018-06-25T10:31:37Z" finished-at="2018-06-25T10:31:48Z">
          <reporter-output>
          </reporter-output>
        </test-method> <!-- openapp -->
        <test-method status="PASS" signature="log()[pri:0, instance:Scripts.testcase1@36b4cef0]" name="log" duration-ms="18135" started-at="2018-06-25T10:31:48Z" finished-at="2018-06-25T10:32:06Z">
          <reporter-output>
          </reporter-output>
        </test-method> <!-- log -->
        <test-method status="PASS" signature="closeapp()[pri:0, instance:Scripts.testcase1@36b4cef0]" name="closeapp" is-config="true" duration-ms="111" started-at="2018-06-25T10:32:06Z" finished-at="2018-06-25T10:32:07Z">
          <reporter-output>
          </reporter-output>
        </test-method> <!-- closeapp -->
      </class> <!-- Scripts.testcase1 -->
      <class name="Scripts.testcase3">
        <test-method status="PASS" signature="openapp()[pri:0, instance:Scripts.testcase3@fad74ee]" name="openapp" is-config="true" duration-ms="10564" started-at="2018-06-25T10:32:07Z" finished-at="2018-06-25T10:32:17Z">
          <reporter-output>
          </reporter-output>
        </test-method> <!-- openapp -->
        <test-method status="PASS" signature="login()[pri:0, instance:Scripts.testcase3@fad74ee]" name="login" duration-ms="25226" started-at="2018-06-25T10:32:17Z" finished-at="2018-06-25T10:32:42Z">
          <reporter-output>
          </reporter-output>
        </test-method> <!-- login -->
        <test-method status="PASS" signature="closeapp()[pri:0, instance:Scripts.testcase3@fad74ee]" name="closeapp" is-config="true" duration-ms="118" started-at="2018-06-25T10:32:42Z" finished-at="2018-06-25T10:32:42Z">
          <reporter-output>
          </reporter-output>
        </test-method> <!-- closeapp -->
      </class> <!-- Scripts.testcase3 -->
      <class name="Scripts.testcase2">
        <test-method status="PASS" signature="openapp()[pri:0, instance:Scripts.testcase2@1a1d6a08]" name="openapp" is-config="true" duration-ms="13085" started-at="2018-06-25T10:32:42Z" finished-at="2018-06-25T10:32:56Z">
          <reporter-output>
          </reporter-output>
        </test-method> <!-- openapp -->
        <test-method status="PASS" signature="login()[pri:0, instance:Scripts.testcase2@1a1d6a08]" name="login" duration-ms="25137" started-at="2018-06-25T10:32:56Z" finished-at="2018-06-25T10:33:21Z">
          <reporter-output>
          </reporter-output>
        </test-method> <!-- login -->
        <test-method status="PASS" signature="closeapp()[pri:0, instance:Scripts.testcase2@1a1d6a08]" name="closeapp" is-config="true" duration-ms="111" started-at="2018-06-25T10:33:21Z" finished-at="2018-06-25T10:33:21Z">
          <reporter-output>
          </reporter-output>
        </test-method> <!-- closeapp -->
      </class> <!-- Scripts.testcase2 -->
      <class name="Scripts.testcase5">
        <test-method status="PASS" signature="openapp()[pri:0, instance:Scripts.testcase5@37d31475]" name="openapp" is-config="true" duration-ms="11163" started-at="2018-06-25T10:33:21Z" finished-at="2018-06-25T10:33:32Z">
          <reporter-output>
          </reporter-output>
        </test-method> <!-- openapp -->
        <test-method status="FAIL" signature="login()[pri:0, instance:Scripts.testcase5@37d31475]" name="login" duration-ms="23573" started-at="2018-06-25T10:33:32Z" finished-at="2018-06-25T10:33:56Z">
          <exception class="org.openqa.selenium.InvalidSelectorException">
            <message>
              <![CDATA[invalid selector: Unable to locate an element with the xpath expression (//ul[@class='sub-header main-menu']//li[@class='parent  kids-6']//div[@class='main-menu-dropdown']//ul//li[@class='child  kids-0']//a[@href='/collections/lunch'] because of the following error:
SyntaxError: Failed to execute 'evaluate' on 'Document': The string '(//ul[@class='sub-header main-menu']//li[@class='parent  kids-6']//div[@class='main-menu-dropdown']//ul//li[@class='child  kids-0']//a[@href='/collections/lunch']' is not a valid XPath expression.
  (Session info: chrome=67.0.3396.87)
  (Driver info: chromedriver=2.38.552518 (183d19265345f54ce39cbb94cf81ba5f15905011),platform=Mac OS X 10.11.6 x86_64) (WARNING: The server did not provide any stacktrace information)
Command duration or timeout: 0 milliseconds
For documentation on this error, please visit: http://seleniumhq.org/exceptions/invalid_selector_exception.html
Build info: version: '3.11.0', revision: 'e59cfb3', time: '2018-03-11T20:33:15.31Z'
System info: host: 'navaneethas-Air', ip: '2409:4071:2093:3657:d1f:75e8:3053:7ee3', os.name: 'Mac OS X', os.arch: 'x86_64', os.version: '10.11.6', java.version: '1.8.0_101'
Driver info: org.openqa.selenium.chrome.ChromeDriver
Capabilities {acceptInsecureCerts: false, acceptSslCerts: false, applicationCacheEnabled: false, browserConnectionEnabled: false, browserName: chrome, chrome: {chromedriverVersion: 2.38.552518 (183d19265345f5..., userDataDir: /var/folders/77/f0mtvnyd51b...}, cssSelectorsEnabled: true, databaseEnabled: false, handlesAlerts: true, hasTouchScreen: false, javascriptEnabled: true, locationContextEnabled: true, mobileEmulationEnabled: false, nativeEvents: true, networkConnectionEnabled: false, pageLoadStrategy: normal, platform: MAC, platformName: MAC, rotatable: false, setWindowRect: true, takesHeapSnapshot: true, takesScreenshot: true, unexpectedAlertBehaviour: , unhandledPromptBehavior: , version: 67.0.3396.87, webStorageEnabled: true}
Session ID: d8f67a9ffbda3a385d71252b5b46506f
*** Element info: {Using=xpath, value=(//ul[@class='sub-header main-menu']//li[@class='parent  kids-6']//div[@class='main-menu-dropdown']//ul//li[@class='child  kids-0']//a[@href='/collections/lunch']}]]>
            </message>
            <full-stacktrace>
              <![CDATA[org.openqa.selenium.InvalidSelectorException: invalid selector: Unable to locate an element with the xpath expression (//ul[@class='sub-header main-menu']//li[@class='parent  kids-6']//div[@class='main-menu-dropdown']//ul//li[@class='child  kids-0']//a[@href='/collections/lunch'] because of the following error:
SyntaxError: Failed to execute 'evaluate' on 'Document': The string '(//ul[@class='sub-header main-menu']//li[@class='parent  kids-6']//div[@class='main-menu-dropdown']//ul//li[@class='child  kids-0']//a[@href='/collections/lunch']' is not a valid XPath expression.
  (Session info: chrome=67.0.3396.87)
  (Driver info: chromedriver=2.38.552518 (183d19265345f54ce39cbb94cf81ba5f15905011),platform=Mac OS X 10.11.6 x86_64) (WARNING: The server did not provide any stacktrace information)
Command duration or timeout: 0 milliseconds
For documentation on this error, please visit: http://seleniumhq.org/exceptions/invalid_selector_exception.html
Build info: version: '3.11.0', revision: 'e59cfb3', time: '2018-03-11T20:33:15.31Z'
System info: host: 'navaneethas-Air', ip: '2409:4071:2093:3657:d1f:75e8:3053:7ee3', os.name: 'Mac OS X', os.arch: 'x86_64', os.version: '10.11.6', java.version: '1.8.0_101'
Driver info: org.openqa.selenium.chrome.ChromeDriver
Capabilities {acceptInsecureCerts: false, acceptSslCerts: false, applicationCacheEnabled: false, browserConnectionEnabled: false, browserName: chrome, chrome: {chromedriverVersion: 2.38.552518 (183d19265345f5..., userDataDir: /var/folders/77/f0mtvnyd51b...}, cssSelectorsEnabled: true, databaseEnabled: false, handlesAlerts: true, hasTouchScreen: false, javascriptEnabled: true, locationContextEnabled: true, mobileEmulationEnabled: false, nativeEvents: true, networkConnectionEnabled: false, pageLoadStrategy: normal, platform: MAC, platformName: MAC, rotatable: false, setWindowRect: true, takesHeapSnapshot: true, takesScreenshot: true, unexpectedAlertBehaviour: , unhandledPromptBehavior: , version: 67.0.3396.87, webStorageEnabled: true}
Session ID: d8f67a9ffbda3a385d71252b5b46506f
*** Element info: {Using=xpath, value=(//ul[@class='sub-header main-menu']//li[@class='parent  kids-6']//div[@class='main-menu-dropdown']//ul//li[@class='child  kids-0']//a[@href='/collections/lunch']}
at sun.reflect.NativeConstructorAccessorImpl.newInstance0(Native Method)
at sun.reflect.NativeConstructorAccessorImpl.newInstance(NativeConstructorAccessorImpl.java:62)
at sun.reflect.DelegatingConstructorAccessorImpl.newInstance(DelegatingConstructorAccessorImpl.java:45)
at java.lang.reflect.Constructor.newInstance(Constructor.java:423)
at org.openqa.selenium.remote.ErrorHandler.createThrowable(ErrorHandler.java:214)
at org.openqa.selenium.remote.ErrorHandler.throwIfResponseFailed(ErrorHandler.java:166)
at org.openqa.selenium.remote.http.JsonHttpResponseCodec.reconstructValue(JsonHttpResponseCodec.java:40)
at org.openqa.selenium.remote.http.AbstractHttpResponseCodec.decode(AbstractHttpResponseCodec.java:80)
at org.openqa.selenium.remote.http.AbstractHttpResponseCodec.decode(AbstractHttpResponseCodec.java:44)
at org.openqa.selenium.remote.HttpCommandExecutor.execute(HttpCommandExecutor.java:158)
at org.openqa.selenium.remote.service.DriverCommandExecutor.execute(DriverCommandExecutor.java:83)
at org.openqa.selenium.remote.RemoteWebDriver.execute(RemoteWebDriver.java:545)
at org.openqa.selenium.remote.RemoteWebDriver.findElement(RemoteWebDriver.java:319)
at org.openqa.selenium.remote.RemoteWebDriver.findElementByXPath(RemoteWebDriver.java:421)
at org.openqa.selenium.By$ByXPath.findElement(By.java:361)
at org.openqa.selenium.remote.RemoteWebDriver.findElement(RemoteWebDriver.java:311)
at org.openqa.selenium.support.pagefactory.DefaultElementLocator.findElement(DefaultElementLocator.java:69)
at org.openqa.selenium.support.pagefactory.internal.LocatingElementHandler.invoke(LocatingElementHandler.java:38)
at com.sun.proxy.$Proxy9.click(Unknown Source)
at Pom.Popuppage.accessories(Popuppage.java:34)
at Scripts.testcase5.login(testcase5.java:31)
at sun.reflect.NativeMethodAccessorImpl.invoke0(Native Method)
at sun.reflect.NativeMethodAccessorImpl.invoke(NativeMethodAccessorImpl.java:62)
at sun.reflect.DelegatingMethodAccessorImpl.invoke(DelegatingMethodAccessorImpl.java:43)
at java.lang.reflect.Method.invoke(Method.java:498)
at org.testng.internal.MethodInvocationHelper.invokeMethod(MethodInvocationHelper.java:124)
at org.testng.internal.Invoker.invokeMethod(Invoker.java:580)
at org.testng.internal.Invoker.invokeTestMethod(Invoker.java:716)
at org.testng.internal.Invoker.invokeTestMethods(Invoker.java:988)
at org.testng.internal.TestMethodWorker.invokeTestMethods(TestMethodWorker.java:125)
at org.testng.internal.TestMethodWorker.run(TestMethodWorker.java:109)
at org.testng.TestRunner.privateRun(TestRunner.java:648)
at org.testng.TestRunner.run(TestRunner.java:505)
at org.testng.SuiteRunner.runTest(SuiteRunner.java:455)
at org.testng.SuiteRunner.runSequentially(SuiteRunner.java:450)
at org.testng.SuiteRunner.privateRun(SuiteRunner.java:415)
at org.testng.SuiteRunner.run(SuiteRunner.java:364)
at org.testng.SuiteRunnerWorker.runSuite(SuiteRunnerWorker.java:52)
at org.testng.SuiteRunnerWorker.run(SuiteRunnerWorker.java:84)
at org.testng.TestNG.runSuitesSequentially(TestNG.java:1208)
at org.testng.TestNG.runSuitesLocally(TestNG.java:1137)
at org.testng.TestNG.runSuites(TestNG.java:1049)
at org.testng.TestNG.run(TestNG.java:1017)
at org.testng.remote.AbstractRemoteTestNG.run(AbstractRemoteTestNG.java:114)
at org.testng.remote.RemoteTestNG.initAndRun(RemoteTestNG.java:251)
at org.testng.remote.RemoteTestNG.main(RemoteTestNG.java:77)
]]>
            </full-stacktrace>
          </exception> <!-- org.openqa.selenium.InvalidSelectorException -->
          <reporter-output>
          </reporter-output>
        </test-method> <!-- login -->
        <test-method status="PASS" signature="closeapp()[pri:0, instance:Scripts.testcase5@37d31475]" name="closeapp" is-config="true" duration-ms="115" started-at="2018-06-25T10:33:56Z" finished-at="2018-06-25T10:33:56Z">
          <reporter-output>
          </reporter-output>
        </test-method> <!-- closeapp -->
      </class> <!-- Scripts.testcase5 -->
      <class name="Scripts.testcase4">
        <test-method status="PASS" signature="openapp()[pri:0, instance:Scripts.testcase4@27808f31]" name="openapp" is-config="true" duration-ms="15257" started-at="2018-06-25T10:33:56Z" finished-at="2018-06-25T10:34:11Z">
          <reporter-output>
          </reporter-output>
        </test-method> <!-- openapp -->
        <test-method status="PASS" signature="login()[pri:0, instance:Scripts.testcase4@27808f31]" name="login" duration-ms="24874" started-at="2018-06-25T10:34:11Z" finished-at="2018-06-25T10:34:36Z">
          <reporter-output>
          </reporter-output>
        </test-method> <!-- login -->
        <test-method status="PASS" signature="closeapp()[pri:0, instance:Scripts.testcase4@27808f31]" name="closeapp" is-config="true" duration-ms="121" started-at="2018-06-25T10:34:36Z" finished-at="2018-06-25T10:34:36Z">
          <reporter-output>
          </reporter-output>
        </test-method> <!-- closeapp -->
      </class> <!-- Scripts.testcase4 -->
      <class name="Scripts.testcase10">
        <test-method status="PASS" signature="openapp()[pri:0, instance:Scripts.testcase10@436e852b]" name="openapp" is-config="true" duration-ms="10348" started-at="2018-06-25T10:34:36Z" finished-at="2018-06-25T10:34:46Z">
          <reporter-output>
          </reporter-output>
        </test-method> <!-- openapp -->
        <test-method status="PASS" signature="login()[pri:0, instance:Scripts.testcase10@436e852b]" name="login" duration-ms="18105" started-at="2018-06-25T10:34:46Z" finished-at="2018-06-25T10:35:04Z">
          <reporter-output>
          </reporter-output>
        </test-method> <!-- login -->
        <test-method status="PASS" signature="closeapp()[pri:0, instance:Scripts.testcase10@436e852b]" name="closeapp" is-config="true" duration-ms="115" started-at="2018-06-25T10:35:04Z" finished-at="2018-06-25T10:35:04Z">
          <reporter-output>
          </reporter-output>
        </test-method> <!-- closeapp -->
      </class> <!-- Scripts.testcase10 -->
      <class name="Scripts.testcase7">
        <test-method status="PASS" signature="openapp()[pri:0, instance:Scripts.testcase7@32d2fa64]" name="openapp" is-config="true" duration-ms="10240" started-at="2018-06-25T10:35:04Z" finished-at="2018-06-25T10:35:15Z">
          <reporter-output>
          </reporter-output>
        </test-method> <!-- openapp -->
        <test-method status="PASS" signature="login()[pri:0, instance:Scripts.testcase7@32d2fa64]" name="login" duration-ms="3969" started-at="2018-06-25T10:35:15Z" finished-at="2018-06-25T10:35:19Z">
          <reporter-output>
          </reporter-output>
        </test-method> <!-- login -->
        <test-method status="PASS" signature="closeapp()[pri:0, instance:Scripts.testcase7@32d2fa64]" name="closeapp" is-config="true" duration-ms="114" started-at="2018-06-25T10:35:19Z" finished-at="2018-06-25T10:35:19Z">
          <reporter-output>
          </reporter-output>
        </test-method> <!-- closeapp -->
      </class> <!-- Scripts.testcase7 -->
      <class name="Scripts.testcase6">
        <test-method status="PASS" signature="openapp()[pri:0, instance:Scripts.testcase6@1d8d30f7]" name="openapp" is-config="true" duration-ms="16826" started-at="2018-06-25T10:35:19Z" finished-at="2018-06-25T10:35:36Z">
          <reporter-output>
          </reporter-output>
        </test-method> <!-- openapp -->
        <test-method status="PASS" signature="login()[pri:0, instance:Scripts.testcase6@1d8d30f7]" name="login" duration-ms="5262" started-at="2018-06-25T10:35:36Z" finished-at="2018-06-25T10:35:41Z">
          <reporter-output>
          </reporter-output>
        </test-method> <!-- login -->
        <test-method status="PASS" signature="closeapp()[pri:0, instance:Scripts.testcase6@1d8d30f7]" name="closeapp" is-config="true" duration-ms="111" started-at="2018-06-25T10:35:41Z" finished-at="2018-06-25T10:35:41Z">
          <reporter-output>
          </reporter-output>
        </test-method> <!-- closeapp -->
      </class> <!-- Scripts.testcase6 -->
    </test> <!-- Default test -->
  </suite> <!-- Default suite -->
</testng-results>
